[2023-03-05 20:32:49,496] INFO [Controller id=0 epoch=19] Sending UpdateMetadata request to brokers HashSet(0) for 0 partitions (state.change.logger)
[2023-03-05 20:32:49,553] INFO [Controller id=0 epoch=19] Sending LeaderAndIsr request to broker 0 with 52 become-leader and 0 become-follower partitions (state.change.logger)
[2023-03-05 20:32:49,556] INFO [Controller id=0 epoch=19] Sending UpdateMetadata request to brokers HashSet(0) for 52 partitions (state.change.logger)
[2023-03-05 20:32:49,599] INFO [Broker id=0] Handling LeaderAndIsr request correlationId 1 from controller 0 for 52 partitions (state.change.logger)
[2023-03-05 20:32:49,630] INFO [Broker id=0] Stopped fetchers as part of LeaderAndIsr request correlationId 1 from controller 0 epoch 19 as part of the become-leader transition for 52 partitions (state.change.logger)
[2023-03-05 20:32:49,637] INFO [Broker id=0] Leader __consumer_offsets-3 with topic id Some(w1Qd2RLfTnuY-MT6iiT9cg) starts at leader epoch 0 from offset 0 with partition epoch 0, high watermark 0, ISR [0], adding replicas [] and removing replicas []. Previous leader epoch was -1. (state.change.logger)
[2023-03-05 20:32:49,662] INFO [Broker id=0] Leader __consumer_offsets-18 with topic id Some(w1Qd2RLfTnuY-MT6iiT9cg) starts at leader epoch 0 from offset 3 with partition epoch 0, high watermark 3, ISR [0], adding replicas [] and removing replicas []. Previous leader epoch was -1. (state.change.logger)
[2023-03-05 20:32:49,662] INFO [Broker id=0] Leader __consumer_offsets-41 with topic id Some(w1Qd2RLfTnuY-MT6iiT9cg) starts at leader epoch 0 from offset 3 with partition epoch 0, high watermark 3, ISR [0], adding replicas [] and removing replicas []. Previous leader epoch was -1. (state.change.logger)
[2023-03-05 20:32:49,662] INFO [Broker id=0] Leader __consumer_offsets-10 with topic id Some(w1Qd2RLfTnuY-MT6iiT9cg) starts at leader epoch 0 from offset 0 with partition epoch 0, high watermark 0, ISR [0], adding replicas [] and removing replicas []. Previous leader epoch was -1. (state.change.logger)
[2023-03-05 20:32:49,683] INFO [Broker id=0] Leader __consumer_offsets-33 with topic id Some(w1Qd2RLfTnuY-MT6iiT9cg) starts at leader epoch 0 from offset 0 with partition epoch 0, high watermark 0, ISR [0], adding replicas [] and removing replicas []. Previous leader epoch was -1. (state.change.logger)
[2023-03-05 20:32:49,704] INFO [Broker id=0] Leader __consumer_offsets-48 with topic id Some(w1Qd2RLfTnuY-MT6iiT9cg) starts at leader epoch 0 from offset 0 with partition epoch 0, high watermark 0, ISR [0], adding replicas [] and removing replicas []. Previous leader epoch was -1. (state.change.logger)
[2023-03-05 20:32:49,725] INFO [Broker id=0] Leader __consumer_offsets-19 with topic id Some(w1Qd2RLfTnuY-MT6iiT9cg) starts at leader epoch 0 from offset 19 with partition epoch 0, high watermark 19, ISR [0], adding replicas [] and removing replicas []. Previous leader epoch was -1. (state.change.logger)
[2023-03-05 20:32:49,726] INFO [Broker id=0] Leader __consumer_offsets-34 with topic id Some(w1Qd2RLfTnuY-MT6iiT9cg) starts at leader epoch 0 from offset 0 with partition epoch 0, high watermark 0, ISR [0], adding replicas [] and removing replicas []. Previous leader epoch was -1. (state.change.logger)
[2023-03-05 20:32:49,747] INFO [Broker id=0] Leader __consumer_offsets-4 with topic id Some(w1Qd2RLfTnuY-MT6iiT9cg) starts at leader epoch 0 from offset 0 with partition epoch 0, high watermark 0, ISR [0], adding replicas [] and removing replicas []. Previous leader epoch was -1. (state.change.logger)
[2023-03-05 20:32:49,769] INFO [Broker id=0] Leader __consumer_offsets-11 with topic id Some(w1Qd2RLfTnuY-MT6iiT9cg) starts at leader epoch 0 from offset 0 with partition epoch 0, high watermark 0, ISR [0], adding replicas [] and removing replicas []. Previous leader epoch was -1. (state.change.logger)
[2023-03-05 20:32:49,789] INFO [Broker id=0] Leader __consumer_offsets-26 with topic id Some(w1Qd2RLfTnuY-MT6iiT9cg) starts at leader epoch 0 from offset 0 with partition epoch 0, high watermark 0, ISR [0], adding replicas [] and removing replicas []. Previous leader epoch was -1. (state.change.logger)
[2023-03-05 20:32:49,810] INFO [Broker id=0] Leader __consumer_offsets-49 with topic id Some(w1Qd2RLfTnuY-MT6iiT9cg) starts at leader epoch 0 from offset 6 with partition epoch 0, high watermark 6, ISR [0], adding replicas [] and removing replicas []. Previous leader epoch was -1. (state.change.logger)
[2023-03-05 20:32:49,811] INFO [Broker id=0] Leader __consumer_offsets-39 with topic id Some(w1Qd2RLfTnuY-MT6iiT9cg) starts at leader epoch 0 from offset 3 with partition epoch 0, high watermark 3, ISR [0], adding replicas [] and removing replicas []. Previous leader epoch was -1. (state.change.logger)
[2023-03-05 20:32:49,811] INFO [Broker id=0] Leader __consumer_offsets-9 with topic id Some(w1Qd2RLfTnuY-MT6iiT9cg) starts at leader epoch 0 from offset 3 with partition epoch 0, high watermark 3, ISR [0], adding replicas [] and removing replicas []. Previous leader epoch was -1. (state.change.logger)
[2023-03-05 20:32:49,811] INFO [Broker id=0] Leader __consumer_offsets-24 with topic id Some(w1Qd2RLfTnuY-MT6iiT9cg) starts at leader epoch 0 from offset 0 with partition epoch 0, high watermark 0, ISR [0], adding replicas [] and removing replicas []. Previous leader epoch was -1. (state.change.logger)
[2023-03-05 20:32:49,833] INFO [Broker id=0] Leader __consumer_offsets-31 with topic id Some(w1Qd2RLfTnuY-MT6iiT9cg) starts at leader epoch 0 from offset 22 with partition epoch 0, high watermark 22, ISR [0], adding replicas [] and removing replicas []. Previous leader epoch was -1. (state.change.logger)
[2023-03-05 20:32:49,833] INFO [Broker id=0] Leader __consumer_offsets-46 with topic id Some(w1Qd2RLfTnuY-MT6iiT9cg) starts at leader epoch 0 from offset 6 with partition epoch 0, high watermark 6, ISR [0], adding replicas [] and removing replicas []. Previous leader epoch was -1. (state.change.logger)
[2023-03-05 20:32:49,833] INFO [Broker id=0] Leader __consumer_offsets-1 with topic id Some(w1Qd2RLfTnuY-MT6iiT9cg) starts at leader epoch 0 from offset 0 with partition epoch 0, high watermark 0, ISR [0], adding replicas [] and removing replicas []. Previous leader epoch was -1. (state.change.logger)
[2023-03-05 20:32:49,855] INFO [Broker id=0] Leader __consumer_offsets-16 with topic id Some(w1Qd2RLfTnuY-MT6iiT9cg) starts at leader epoch 0 from offset 3 with partition epoch 0, high watermark 3, ISR [0], adding replicas [] and removing replicas []. Previous leader epoch was -1. (state.change.logger)
[2023-03-05 20:32:49,855] INFO [Broker id=0] Leader __consumer_offsets-2 with topic id Some(w1Qd2RLfTnuY-MT6iiT9cg) starts at leader epoch 0 from offset 6 with partition epoch 0, high watermark 6, ISR [0], adding replicas [] and removing replicas []. Previous leader epoch was -1. (state.change.logger)
[2023-03-05 20:32:49,856] INFO [Broker id=0] Leader __consumer_offsets-25 with topic id Some(w1Qd2RLfTnuY-MT6iiT9cg) starts at leader epoch 0 from offset 0 with partition epoch 0, high watermark 0, ISR [0], adding replicas [] and removing replicas []. Previous leader epoch was -1. (state.change.logger)
[2023-03-05 20:32:49,877] INFO [Broker id=0] Leader __consumer_offsets-40 with topic id Some(w1Qd2RLfTnuY-MT6iiT9cg) starts at leader epoch 0 from offset 0 with partition epoch 0, high watermark 0, ISR [0], adding replicas [] and removing replicas []. Previous leader epoch was -1. (state.change.logger)
[2023-03-05 20:32:49,899] INFO [Broker id=0] Leader __consumer_offsets-47 with topic id Some(w1Qd2RLfTnuY-MT6iiT9cg) starts at leader epoch 0 from offset 0 with partition epoch 0, high watermark 0, ISR [0], adding replicas [] and removing replicas []. Previous leader epoch was -1. (state.change.logger)
[2023-03-05 20:32:49,921] INFO [Broker id=0] Leader __consumer_offsets-17 with topic id Some(w1Qd2RLfTnuY-MT6iiT9cg) starts at leader epoch 0 from offset 3 with partition epoch 0, high watermark 3, ISR [0], adding replicas [] and removing replicas []. Previous leader epoch was -1. (state.change.logger)
[2023-03-05 20:32:49,921] INFO [Broker id=0] Leader __consumer_offsets-32 with topic id Some(w1Qd2RLfTnuY-MT6iiT9cg) starts at leader epoch 0 from offset 3 with partition epoch 0, high watermark 3, ISR [0], adding replicas [] and removing replicas []. Previous leader epoch was -1. (state.change.logger)
[2023-03-05 20:32:49,921] INFO [Broker id=0] Leader input-vehicle-info-0 with topic id Some(1Qe9yZzvSeiqpuo3W2MPuA) starts at leader epoch 0 from offset 0 with partition epoch 0, high watermark 0, ISR [0], adding replicas [] and removing replicas []. Previous leader epoch was -1. (state.change.logger)
[2023-03-05 20:32:49,942] INFO [Broker id=0] Leader __consumer_offsets-37 with topic id Some(w1Qd2RLfTnuY-MT6iiT9cg) starts at leader epoch 0 from offset 6 with partition epoch 0, high watermark 6, ISR [0], adding replicas [] and removing replicas []. Previous leader epoch was -1. (state.change.logger)
[2023-03-05 20:32:49,942] INFO [Broker id=0] Leader __consumer_offsets-7 with topic id Some(w1Qd2RLfTnuY-MT6iiT9cg) starts at leader epoch 0 from offset 0 with partition epoch 0, high watermark 0, ISR [0], adding replicas [] and removing replicas []. Previous leader epoch was -1. (state.change.logger)
[2023-03-05 20:32:49,963] INFO [Broker id=0] Leader __consumer_offsets-22 with topic id Some(w1Qd2RLfTnuY-MT6iiT9cg) starts at leader epoch 0 from offset 10 with partition epoch 0, high watermark 10, ISR [0], adding replicas [] and removing replicas []. Previous leader epoch was -1. (state.change.logger)
[2023-03-05 20:32:49,963] INFO [Broker id=0] Leader __consumer_offsets-29 with topic id Some(w1Qd2RLfTnuY-MT6iiT9cg) starts at leader epoch 0 from offset 6 with partition epoch 0, high watermark 6, ISR [0], adding replicas [] and removing replicas []. Previous leader epoch was -1. (state.change.logger)
[2023-03-05 20:32:49,963] INFO [Broker id=0] Leader __consumer_offsets-44 with topic id Some(w1Qd2RLfTnuY-MT6iiT9cg) starts at leader epoch 0 from offset 0 with partition epoch 0, high watermark 0, ISR [0], adding replicas [] and removing replicas []. Previous leader epoch was -1. (state.change.logger)
[2023-03-05 20:32:49,984] INFO [Broker id=0] Leader __consumer_offsets-14 with topic id Some(w1Qd2RLfTnuY-MT6iiT9cg) starts at leader epoch 0 from offset 0 with partition epoch 0, high watermark 0, ISR [0], adding replicas [] and removing replicas []. Previous leader epoch was -1. (state.change.logger)
[2023-03-05 20:32:50,006] INFO [Broker id=0] Leader __consumer_offsets-23 with topic id Some(w1Qd2RLfTnuY-MT6iiT9cg) starts at leader epoch 0 from offset 0 with partition epoch 0, high watermark 0, ISR [0], adding replicas [] and removing replicas []. Previous leader epoch was -1. (state.change.logger)
[2023-03-05 20:32:50,028] INFO [Broker id=0] Leader __consumer_offsets-38 with topic id Some(w1Qd2RLfTnuY-MT6iiT9cg) starts at leader epoch 0 from offset 0 with partition epoch 0, high watermark 0, ISR [0], adding replicas [] and removing replicas []. Previous leader epoch was -1. (state.change.logger)
[2023-03-05 20:32:50,050] INFO [Broker id=0] Leader __consumer_offsets-8 with topic id Some(w1Qd2RLfTnuY-MT6iiT9cg) starts at leader epoch 0 from offset 0 with partition epoch 0, high watermark 0, ISR [0], adding replicas [] and removing replicas []. Previous leader epoch was -1. (state.change.logger)
[2023-03-05 20:32:50,072] INFO [Broker id=0] Leader __consumer_offsets-45 with topic id Some(w1Qd2RLfTnuY-MT6iiT9cg) starts at leader epoch 0 from offset 7 with partition epoch 0, high watermark 7, ISR [0], adding replicas [] and removing replicas []. Previous leader epoch was -1. (state.change.logger)
[2023-03-05 20:32:50,072] INFO [Broker id=0] Leader __consumer_offsets-15 with topic id Some(w1Qd2RLfTnuY-MT6iiT9cg) starts at leader epoch 0 from offset 0 with partition epoch 0, high watermark 0, ISR [0], adding replicas [] and removing replicas []. Previous leader epoch was -1. (state.change.logger)
[2023-03-05 20:32:50,094] INFO [Broker id=0] Leader __consumer_offsets-30 with topic id Some(w1Qd2RLfTnuY-MT6iiT9cg) starts at leader epoch 0 from offset 0 with partition epoch 0, high watermark 0, ISR [0], adding replicas [] and removing replicas []. Previous leader epoch was -1. (state.change.logger)
[2023-03-05 20:32:50,116] INFO [Broker id=0] Leader __consumer_offsets-0 with topic id Some(w1Qd2RLfTnuY-MT6iiT9cg) starts at leader epoch 0 from offset 3 with partition epoch 0, high watermark 3, ISR [0], adding replicas [] and removing replicas []. Previous leader epoch was -1. (state.change.logger)
[2023-03-05 20:32:50,116] INFO [Broker id=0] Leader __consumer_offsets-35 with topic id Some(w1Qd2RLfTnuY-MT6iiT9cg) starts at leader epoch 0 from offset 11 with partition epoch 0, high watermark 11, ISR [0], adding replicas [] and removing replicas []. Previous leader epoch was -1. (state.change.logger)
[2023-03-05 20:32:50,116] INFO [Broker id=0] Leader __consumer_offsets-5 with topic id Some(w1Qd2RLfTnuY-MT6iiT9cg) starts at leader epoch 0 from offset 3 with partition epoch 0, high watermark 3, ISR [0], adding replicas [] and removing replicas []. Previous leader epoch was -1. (state.change.logger)
[2023-03-05 20:32:50,116] INFO [Broker id=0] Leader __consumer_offsets-20 with topic id Some(w1Qd2RLfTnuY-MT6iiT9cg) starts at leader epoch 0 from offset 0 with partition epoch 0, high watermark 0, ISR [0], adding replicas [] and removing replicas []. Previous leader epoch was -1. (state.change.logger)
[2023-03-05 20:32:50,138] INFO [Broker id=0] Leader __consumer_offsets-27 with topic id Some(w1Qd2RLfTnuY-MT6iiT9cg) starts at leader epoch 0 from offset 0 with partition epoch 0, high watermark 0, ISR [0], adding replicas [] and removing replicas []. Previous leader epoch was -1. (state.change.logger)
[2023-03-05 20:32:50,216] INFO [Broker id=0] Leader __consumer_offsets-42 with topic id Some(w1Qd2RLfTnuY-MT6iiT9cg) starts at leader epoch 0 from offset 0 with partition epoch 0, high watermark 0, ISR [0], adding replicas [] and removing replicas []. Previous leader epoch was -1. (state.change.logger)
[2023-03-05 20:32:50,238] INFO [Broker id=0] Leader __consumer_offsets-12 with topic id Some(w1Qd2RLfTnuY-MT6iiT9cg) starts at leader epoch 0 from offset 0 with partition epoch 0, high watermark 0, ISR [0], adding replicas [] and removing replicas []. Previous leader epoch was -1. (state.change.logger)
[2023-03-05 20:32:50,258] INFO [Broker id=0] Leader __consumer_offsets-21 with topic id Some(w1Qd2RLfTnuY-MT6iiT9cg) starts at leader epoch 0 from offset 72 with partition epoch 0, high watermark 72, ISR [0], adding replicas [] and removing replicas []. Previous leader epoch was -1. (state.change.logger)
[2023-03-05 20:32:50,259] INFO [Broker id=0] Leader __consumer_offsets-36 with topic id Some(w1Qd2RLfTnuY-MT6iiT9cg) starts at leader epoch 0 from offset 6 with partition epoch 0, high watermark 6, ISR [0], adding replicas [] and removing replicas []. Previous leader epoch was -1. (state.change.logger)
[2023-03-05 20:32:50,259] INFO [Broker id=0] Leader __consumer_offsets-6 with topic id Some(w1Qd2RLfTnuY-MT6iiT9cg) starts at leader epoch 0 from offset 0 with partition epoch 0, high watermark 0, ISR [0], adding replicas [] and removing replicas []. Previous leader epoch was -1. (state.change.logger)
[2023-03-05 20:32:50,281] INFO [Broker id=0] Leader __consumer_offsets-43 with topic id Some(w1Qd2RLfTnuY-MT6iiT9cg) starts at leader epoch 0 from offset 3 with partition epoch 0, high watermark 3, ISR [0], adding replicas [] and removing replicas []. Previous leader epoch was -1. (state.change.logger)
[2023-03-05 20:32:50,281] INFO [Broker id=0] Leader __consumer_offsets-13 with topic id Some(w1Qd2RLfTnuY-MT6iiT9cg) starts at leader epoch 0 from offset 24 with partition epoch 0, high watermark 24, ISR [0], adding replicas [] and removing replicas []. Previous leader epoch was -1. (state.change.logger)
[2023-03-05 20:32:50,282] INFO [Broker id=0] Leader __consumer_offsets-28 with topic id Some(w1Qd2RLfTnuY-MT6iiT9cg) starts at leader epoch 0 from offset 3 with partition epoch 0, high watermark 3, ISR [0], adding replicas [] and removing replicas []. Previous leader epoch was -1. (state.change.logger)
[2023-03-05 20:32:50,282] INFO [Broker id=0] Leader output-vehicle-info-0 with topic id Some(hwhsxiR2SlGj498Ec_W_yA) starts at leader epoch 0 from offset 0 with partition epoch 0, high watermark 0, ISR [0], adding replicas [] and removing replicas []. Previous leader epoch was -1. (state.change.logger)
[2023-03-05 20:32:50,337] INFO [Broker id=0] Finished LeaderAndIsr request in 738ms correlationId 1 from controller 0 for 52 partitions (state.change.logger)
[2023-03-05 20:32:50,345] INFO [Broker id=0] Add 52 partitions and deleted 0 partitions from metadata cache in response to UpdateMetadata request sent by controller 0 epoch 19 with correlation id 2 (state.change.logger)
[2023-03-05 20:34:04,129] INFO [Controller id=0 epoch=19] Sending UpdateMetadata request to brokers HashSet() for 0 partitions (state.change.logger)
[2023-03-05 20:34:48,683] INFO [Controller id=0 epoch=20] Sending UpdateMetadata request to brokers HashSet(0) for 0 partitions (state.change.logger)
[2023-03-05 20:34:48,732] INFO [Controller id=0 epoch=20] Sending LeaderAndIsr request to broker 0 with 52 become-leader and 0 become-follower partitions (state.change.logger)
[2023-03-05 20:34:48,734] INFO [Controller id=0 epoch=20] Sending UpdateMetadata request to brokers HashSet(0) for 52 partitions (state.change.logger)
[2023-03-05 20:34:48,769] INFO [Broker id=0] Handling LeaderAndIsr request correlationId 1 from controller 0 for 52 partitions (state.change.logger)
[2023-03-05 20:34:48,802] INFO [Broker id=0] Stopped fetchers as part of LeaderAndIsr request correlationId 1 from controller 0 epoch 20 as part of the become-leader transition for 52 partitions (state.change.logger)
[2023-03-05 20:34:48,811] INFO [Broker id=0] Leader __consumer_offsets-3 with topic id Some(w1Qd2RLfTnuY-MT6iiT9cg) starts at leader epoch 0 from offset 0 with partition epoch 0, high watermark 0, ISR [0], adding replicas [] and removing replicas []. Previous leader epoch was -1. (state.change.logger)
[2023-03-05 20:34:48,837] INFO [Broker id=0] Leader __consumer_offsets-18 with topic id Some(w1Qd2RLfTnuY-MT6iiT9cg) starts at leader epoch 0 from offset 3 with partition epoch 0, high watermark 3, ISR [0], adding replicas [] and removing replicas []. Previous leader epoch was -1. (state.change.logger)
[2023-03-05 20:34:48,838] INFO [Broker id=0] Leader __consumer_offsets-41 with topic id Some(w1Qd2RLfTnuY-MT6iiT9cg) starts at leader epoch 0 from offset 3 with partition epoch 0, high watermark 3, ISR [0], adding replicas [] and removing replicas []. Previous leader epoch was -1. (state.change.logger)
[2023-03-05 20:34:48,838] INFO [Broker id=0] Leader __consumer_offsets-10 with topic id Some(w1Qd2RLfTnuY-MT6iiT9cg) starts at leader epoch 0 from offset 0 with partition epoch 0, high watermark 0, ISR [0], adding replicas [] and removing replicas []. Previous leader epoch was -1. (state.change.logger)
[2023-03-05 20:34:48,859] INFO [Broker id=0] Leader __consumer_offsets-33 with topic id Some(w1Qd2RLfTnuY-MT6iiT9cg) starts at leader epoch 0 from offset 0 with partition epoch 0, high watermark 0, ISR [0], adding replicas [] and removing replicas []. Previous leader epoch was -1. (state.change.logger)
[2023-03-05 20:34:48,880] INFO [Broker id=0] Leader __consumer_offsets-48 with topic id Some(w1Qd2RLfTnuY-MT6iiT9cg) starts at leader epoch 0 from offset 0 with partition epoch 0, high watermark 0, ISR [0], adding replicas [] and removing replicas []. Previous leader epoch was -1. (state.change.logger)
[2023-03-05 20:34:48,902] INFO [Broker id=0] Leader __consumer_offsets-19 with topic id Some(w1Qd2RLfTnuY-MT6iiT9cg) starts at leader epoch 0 from offset 19 with partition epoch 0, high watermark 19, ISR [0], adding replicas [] and removing replicas []. Previous leader epoch was -1. (state.change.logger)
[2023-03-05 20:34:48,902] INFO [Broker id=0] Leader __consumer_offsets-34 with topic id Some(w1Qd2RLfTnuY-MT6iiT9cg) starts at leader epoch 0 from offset 0 with partition epoch 0, high watermark 0, ISR [0], adding replicas [] and removing replicas []. Previous leader epoch was -1. (state.change.logger)
[2023-03-05 20:34:48,923] INFO [Broker id=0] Leader __consumer_offsets-4 with topic id Some(w1Qd2RLfTnuY-MT6iiT9cg) starts at leader epoch 0 from offset 0 with partition epoch 0, high watermark 0, ISR [0], adding replicas [] and removing replicas []. Previous leader epoch was -1. (state.change.logger)
[2023-03-05 20:34:48,945] INFO [Broker id=0] Leader __consumer_offsets-11 with topic id Some(w1Qd2RLfTnuY-MT6iiT9cg) starts at leader epoch 0 from offset 0 with partition epoch 0, high watermark 0, ISR [0], adding replicas [] and removing replicas []. Previous leader epoch was -1. (state.change.logger)
[2023-03-05 20:34:48,966] INFO [Broker id=0] Leader __consumer_offsets-26 with topic id Some(w1Qd2RLfTnuY-MT6iiT9cg) starts at leader epoch 0 from offset 0 with partition epoch 0, high watermark 0, ISR [0], adding replicas [] and removing replicas []. Previous leader epoch was -1. (state.change.logger)
[2023-03-05 20:34:48,986] INFO [Broker id=0] Leader __consumer_offsets-49 with topic id Some(w1Qd2RLfTnuY-MT6iiT9cg) starts at leader epoch 0 from offset 6 with partition epoch 0, high watermark 6, ISR [0], adding replicas [] and removing replicas []. Previous leader epoch was -1. (state.change.logger)
[2023-03-05 20:34:48,987] INFO [Broker id=0] Leader __consumer_offsets-39 with topic id Some(w1Qd2RLfTnuY-MT6iiT9cg) starts at leader epoch 0 from offset 3 with partition epoch 0, high watermark 3, ISR [0], adding replicas [] and removing replicas []. Previous leader epoch was -1. (state.change.logger)
[2023-03-05 20:34:48,987] INFO [Broker id=0] Leader __consumer_offsets-9 with topic id Some(w1Qd2RLfTnuY-MT6iiT9cg) starts at leader epoch 0 from offset 3 with partition epoch 0, high watermark 3, ISR [0], adding replicas [] and removing replicas []. Previous leader epoch was -1. (state.change.logger)
[2023-03-05 20:34:48,987] INFO [Broker id=0] Leader __consumer_offsets-24 with topic id Some(w1Qd2RLfTnuY-MT6iiT9cg) starts at leader epoch 0 from offset 0 with partition epoch 0, high watermark 0, ISR [0], adding replicas [] and removing replicas []. Previous leader epoch was -1. (state.change.logger)
[2023-03-05 20:34:49,008] INFO [Broker id=0] Leader __consumer_offsets-31 with topic id Some(w1Qd2RLfTnuY-MT6iiT9cg) starts at leader epoch 0 from offset 22 with partition epoch 0, high watermark 22, ISR [0], adding replicas [] and removing replicas []. Previous leader epoch was -1. (state.change.logger)
[2023-03-05 20:34:49,009] INFO [Broker id=0] Leader __consumer_offsets-46 with topic id Some(w1Qd2RLfTnuY-MT6iiT9cg) starts at leader epoch 0 from offset 6 with partition epoch 0, high watermark 6, ISR [0], adding replicas [] and removing replicas []. Previous leader epoch was -1. (state.change.logger)
[2023-03-05 20:34:49,009] INFO [Broker id=0] Leader __consumer_offsets-1 with topic id Some(w1Qd2RLfTnuY-MT6iiT9cg) starts at leader epoch 0 from offset 0 with partition epoch 0, high watermark 0, ISR [0], adding replicas [] and removing replicas []. Previous leader epoch was -1. (state.change.logger)
[2023-03-05 20:34:49,029] INFO [Broker id=0] Leader __consumer_offsets-16 with topic id Some(w1Qd2RLfTnuY-MT6iiT9cg) starts at leader epoch 0 from offset 3 with partition epoch 0, high watermark 3, ISR [0], adding replicas [] and removing replicas []. Previous leader epoch was -1. (state.change.logger)
[2023-03-05 20:34:49,030] INFO [Broker id=0] Leader __consumer_offsets-2 with topic id Some(w1Qd2RLfTnuY-MT6iiT9cg) starts at leader epoch 0 from offset 6 with partition epoch 0, high watermark 6, ISR [0], adding replicas [] and removing replicas []. Previous leader epoch was -1. (state.change.logger)
[2023-03-05 20:34:49,030] INFO [Broker id=0] Leader __consumer_offsets-25 with topic id Some(w1Qd2RLfTnuY-MT6iiT9cg) starts at leader epoch 0 from offset 0 with partition epoch 0, high watermark 0, ISR [0], adding replicas [] and removing replicas []. Previous leader epoch was -1. (state.change.logger)
[2023-03-05 20:34:49,050] INFO [Broker id=0] Leader __consumer_offsets-40 with topic id Some(w1Qd2RLfTnuY-MT6iiT9cg) starts at leader epoch 0 from offset 0 with partition epoch 0, high watermark 0, ISR [0], adding replicas [] and removing replicas []. Previous leader epoch was -1. (state.change.logger)
[2023-03-05 20:34:49,070] INFO [Broker id=0] Leader __consumer_offsets-47 with topic id Some(w1Qd2RLfTnuY-MT6iiT9cg) starts at leader epoch 0 from offset 0 with partition epoch 0, high watermark 0, ISR [0], adding replicas [] and removing replicas []. Previous leader epoch was -1. (state.change.logger)
[2023-03-05 20:34:49,092] INFO [Broker id=0] Leader __consumer_offsets-17 with topic id Some(w1Qd2RLfTnuY-MT6iiT9cg) starts at leader epoch 0 from offset 3 with partition epoch 0, high watermark 3, ISR [0], adding replicas [] and removing replicas []. Previous leader epoch was -1. (state.change.logger)
[2023-03-05 20:34:49,092] INFO [Broker id=0] Leader __consumer_offsets-32 with topic id Some(w1Qd2RLfTnuY-MT6iiT9cg) starts at leader epoch 0 from offset 3 with partition epoch 0, high watermark 3, ISR [0], adding replicas [] and removing replicas []. Previous leader epoch was -1. (state.change.logger)
[2023-03-05 20:34:49,093] INFO [Broker id=0] Leader input-vehicle-info-0 with topic id Some(1Qe9yZzvSeiqpuo3W2MPuA) starts at leader epoch 0 from offset 0 with partition epoch 0, high watermark 0, ISR [0], adding replicas [] and removing replicas []. Previous leader epoch was -1. (state.change.logger)
[2023-03-05 20:34:49,114] INFO [Broker id=0] Leader __consumer_offsets-37 with topic id Some(w1Qd2RLfTnuY-MT6iiT9cg) starts at leader epoch 0 from offset 6 with partition epoch 0, high watermark 6, ISR [0], adding replicas [] and removing replicas []. Previous leader epoch was -1. (state.change.logger)
[2023-03-05 20:34:49,114] INFO [Broker id=0] Leader __consumer_offsets-7 with topic id Some(w1Qd2RLfTnuY-MT6iiT9cg) starts at leader epoch 0 from offset 0 with partition epoch 0, high watermark 0, ISR [0], adding replicas [] and removing replicas []. Previous leader epoch was -1. (state.change.logger)
[2023-03-05 20:34:49,136] INFO [Broker id=0] Leader __consumer_offsets-22 with topic id Some(w1Qd2RLfTnuY-MT6iiT9cg) starts at leader epoch 0 from offset 10 with partition epoch 0, high watermark 10, ISR [0], adding replicas [] and removing replicas []. Previous leader epoch was -1. (state.change.logger)
[2023-03-05 20:34:49,136] INFO [Broker id=0] Leader __consumer_offsets-29 with topic id Some(w1Qd2RLfTnuY-MT6iiT9cg) starts at leader epoch 0 from offset 6 with partition epoch 0, high watermark 6, ISR [0], adding replicas [] and removing replicas []. Previous leader epoch was -1. (state.change.logger)
[2023-03-05 20:34:49,136] INFO [Broker id=0] Leader __consumer_offsets-44 with topic id Some(w1Qd2RLfTnuY-MT6iiT9cg) starts at leader epoch 0 from offset 0 with partition epoch 0, high watermark 0, ISR [0], adding replicas [] and removing replicas []. Previous leader epoch was -1. (state.change.logger)
[2023-03-05 20:34:49,157] INFO [Broker id=0] Leader __consumer_offsets-14 with topic id Some(w1Qd2RLfTnuY-MT6iiT9cg) starts at leader epoch 0 from offset 0 with partition epoch 0, high watermark 0, ISR [0], adding replicas [] and removing replicas []. Previous leader epoch was -1. (state.change.logger)
[2023-03-05 20:34:49,178] INFO [Broker id=0] Leader __consumer_offsets-23 with topic id Some(w1Qd2RLfTnuY-MT6iiT9cg) starts at leader epoch 0 from offset 0 with partition epoch 0, high watermark 0, ISR [0], adding replicas [] and removing replicas []. Previous leader epoch was -1. (state.change.logger)
[2023-03-05 20:34:49,200] INFO [Broker id=0] Leader __consumer_offsets-38 with topic id Some(w1Qd2RLfTnuY-MT6iiT9cg) starts at leader epoch 0 from offset 0 with partition epoch 0, high watermark 0, ISR [0], adding replicas [] and removing replicas []. Previous leader epoch was -1. (state.change.logger)
[2023-03-05 20:34:49,222] INFO [Broker id=0] Leader __consumer_offsets-8 with topic id Some(w1Qd2RLfTnuY-MT6iiT9cg) starts at leader epoch 0 from offset 0 with partition epoch 0, high watermark 0, ISR [0], adding replicas [] and removing replicas []. Previous leader epoch was -1. (state.change.logger)
[2023-03-05 20:34:49,243] INFO [Broker id=0] Leader __consumer_offsets-45 with topic id Some(w1Qd2RLfTnuY-MT6iiT9cg) starts at leader epoch 0 from offset 7 with partition epoch 0, high watermark 7, ISR [0], adding replicas [] and removing replicas []. Previous leader epoch was -1. (state.change.logger)
[2023-03-05 20:34:49,243] INFO [Broker id=0] Leader __consumer_offsets-15 with topic id Some(w1Qd2RLfTnuY-MT6iiT9cg) starts at leader epoch 0 from offset 0 with partition epoch 0, high watermark 0, ISR [0], adding replicas [] and removing replicas []. Previous leader epoch was -1. (state.change.logger)
[2023-03-05 20:34:49,264] INFO [Broker id=0] Leader __consumer_offsets-30 with topic id Some(w1Qd2RLfTnuY-MT6iiT9cg) starts at leader epoch 0 from offset 0 with partition epoch 0, high watermark 0, ISR [0], adding replicas [] and removing replicas []. Previous leader epoch was -1. (state.change.logger)
[2023-03-05 20:34:49,285] INFO [Broker id=0] Leader __consumer_offsets-0 with topic id Some(w1Qd2RLfTnuY-MT6iiT9cg) starts at leader epoch 0 from offset 3 with partition epoch 0, high watermark 3, ISR [0], adding replicas [] and removing replicas []. Previous leader epoch was -1. (state.change.logger)
[2023-03-05 20:34:49,285] INFO [Broker id=0] Leader __consumer_offsets-35 with topic id Some(w1Qd2RLfTnuY-MT6iiT9cg) starts at leader epoch 0 from offset 11 with partition epoch 0, high watermark 11, ISR [0], adding replicas [] and removing replicas []. Previous leader epoch was -1. (state.change.logger)
[2023-03-05 20:34:49,285] INFO [Broker id=0] Leader __consumer_offsets-5 with topic id Some(w1Qd2RLfTnuY-MT6iiT9cg) starts at leader epoch 0 from offset 3 with partition epoch 0, high watermark 3, ISR [0], adding replicas [] and removing replicas []. Previous leader epoch was -1. (state.change.logger)
[2023-03-05 20:34:49,285] INFO [Broker id=0] Leader __consumer_offsets-20 with topic id Some(w1Qd2RLfTnuY-MT6iiT9cg) starts at leader epoch 0 from offset 0 with partition epoch 0, high watermark 0, ISR [0], adding replicas [] and removing replicas []. Previous leader epoch was -1. (state.change.logger)
[2023-03-05 20:34:49,306] INFO [Broker id=0] Leader __consumer_offsets-27 with topic id Some(w1Qd2RLfTnuY-MT6iiT9cg) starts at leader epoch 0 from offset 0 with partition epoch 0, high watermark 0, ISR [0], adding replicas [] and removing replicas []. Previous leader epoch was -1. (state.change.logger)
[2023-03-05 20:34:49,326] INFO [Broker id=0] Leader __consumer_offsets-42 with topic id Some(w1Qd2RLfTnuY-MT6iiT9cg) starts at leader epoch 0 from offset 0 with partition epoch 0, high watermark 0, ISR [0], adding replicas [] and removing replicas []. Previous leader epoch was -1. (state.change.logger)
[2023-03-05 20:34:49,347] INFO [Broker id=0] Leader __consumer_offsets-12 with topic id Some(w1Qd2RLfTnuY-MT6iiT9cg) starts at leader epoch 0 from offset 0 with partition epoch 0, high watermark 0, ISR [0], adding replicas [] and removing replicas []. Previous leader epoch was -1. (state.change.logger)
[2023-03-05 20:34:49,367] INFO [Broker id=0] Leader __consumer_offsets-21 with topic id Some(w1Qd2RLfTnuY-MT6iiT9cg) starts at leader epoch 0 from offset 72 with partition epoch 0, high watermark 72, ISR [0], adding replicas [] and removing replicas []. Previous leader epoch was -1. (state.change.logger)
[2023-03-05 20:34:49,368] INFO [Broker id=0] Leader __consumer_offsets-36 with topic id Some(w1Qd2RLfTnuY-MT6iiT9cg) starts at leader epoch 0 from offset 6 with partition epoch 0, high watermark 6, ISR [0], adding replicas [] and removing replicas []. Previous leader epoch was -1. (state.change.logger)
[2023-03-05 20:34:49,368] INFO [Broker id=0] Leader __consumer_offsets-6 with topic id Some(w1Qd2RLfTnuY-MT6iiT9cg) starts at leader epoch 0 from offset 0 with partition epoch 0, high watermark 0, ISR [0], adding replicas [] and removing replicas []. Previous leader epoch was -1. (state.change.logger)
[2023-03-05 20:34:49,388] INFO [Broker id=0] Leader __consumer_offsets-43 with topic id Some(w1Qd2RLfTnuY-MT6iiT9cg) starts at leader epoch 0 from offset 3 with partition epoch 0, high watermark 3, ISR [0], adding replicas [] and removing replicas []. Previous leader epoch was -1. (state.change.logger)
[2023-03-05 20:34:49,389] INFO [Broker id=0] Leader __consumer_offsets-13 with topic id Some(w1Qd2RLfTnuY-MT6iiT9cg) starts at leader epoch 0 from offset 24 with partition epoch 0, high watermark 24, ISR [0], adding replicas [] and removing replicas []. Previous leader epoch was -1. (state.change.logger)
[2023-03-05 20:34:49,389] INFO [Broker id=0] Leader __consumer_offsets-28 with topic id Some(w1Qd2RLfTnuY-MT6iiT9cg) starts at leader epoch 0 from offset 3 with partition epoch 0, high watermark 3, ISR [0], adding replicas [] and removing replicas []. Previous leader epoch was -1. (state.change.logger)
[2023-03-05 20:34:49,389] INFO [Broker id=0] Leader output-vehicle-info-0 with topic id Some(hwhsxiR2SlGj498Ec_W_yA) starts at leader epoch 0 from offset 0 with partition epoch 0, high watermark 0, ISR [0], adding replicas [] and removing replicas []. Previous leader epoch was -1. (state.change.logger)
[2023-03-05 20:34:49,446] INFO [Broker id=0] Finished LeaderAndIsr request in 677ms correlationId 1 from controller 0 for 52 partitions (state.change.logger)
[2023-03-05 20:34:49,454] INFO [Broker id=0] Add 52 partitions and deleted 0 partitions from metadata cache in response to UpdateMetadata request sent by controller 0 epoch 20 with correlation id 2 (state.change.logger)
[2023-03-05 20:35:28,225] INFO [Controller id=0 epoch=20] Sending UpdateMetadata request to brokers HashSet() for 0 partitions (state.change.logger)
[2023-03-05 20:35:28,225] INFO [Controller id=0 epoch=20] Sending UpdateMetadata request to brokers HashSet() for 0 partitions (state.change.logger)
[2023-03-05 20:35:28,225] INFO [Controller id=0 epoch=20] Sending UpdateMetadata request to brokers HashSet(0) for 1 partitions (state.change.logger)
[2023-03-05 20:35:28,227] INFO [Broker id=0] Add 0 partitions and deleted 1 partitions from metadata cache in response to UpdateMetadata request sent by controller 0 epoch 20 with correlation id 3 (state.change.logger)
[2023-03-05 20:35:28,256] INFO [Controller id=0 epoch=20] Partition input-vehicle-info-0 state changed to (Leader:-1,ISR:0,LeaderRecoveryState:RECOVERED,LeaderEpoch:1,ZkVersion:1,ControllerEpoch:20) after removing replica 0 from the ISR as part of transition to OfflineReplica (state.change.logger)
[2023-03-05 20:35:28,257] INFO [Controller id=0 epoch=20] Sending UpdateMetadata request to brokers HashSet() for 0 partitions (state.change.logger)
[2023-03-05 20:35:28,257] INFO [Controller id=0 epoch=20] Sending StopReplica request for 1 replicas to broker 0 (state.change.logger)
[2023-03-05 20:35:28,258] INFO [Controller id=0 epoch=20] Sending UpdateMetadata request to brokers HashSet() for 0 partitions (state.change.logger)
[2023-03-05 20:35:28,258] INFO [Controller id=0 epoch=20] Sending StopReplica request for 1 replicas to broker 0 (state.change.logger)
[2023-03-05 20:35:28,259] INFO [Broker id=0] Handling StopReplica request correlationId 4 from controller 0 for 1 partitions (state.change.logger)
[2023-03-05 20:35:28,265] INFO [Broker id=0] Handling StopReplica request correlationId 5 from controller 0 for 1 partitions (state.change.logger)
[2023-03-05 20:35:28,355] INFO [Controller id=0 epoch=20] Sending UpdateMetadata request to brokers HashSet() for 0 partitions (state.change.logger)
[2023-03-05 20:35:28,356] INFO [Controller id=0 epoch=20] Sending UpdateMetadata request to brokers HashSet() for 0 partitions (state.change.logger)
[2023-03-05 20:35:42,438] INFO [Controller id=0 epoch=20] Sending UpdateMetadata request to brokers HashSet() for 0 partitions (state.change.logger)
[2023-03-05 20:35:42,438] INFO [Controller id=0 epoch=20] Sending UpdateMetadata request to brokers HashSet() for 0 partitions (state.change.logger)
[2023-03-05 20:35:42,439] INFO [Controller id=0 epoch=20] Sending UpdateMetadata request to brokers HashSet(0) for 1 partitions (state.change.logger)
[2023-03-05 20:35:42,440] INFO [Broker id=0] Add 0 partitions and deleted 1 partitions from metadata cache in response to UpdateMetadata request sent by controller 0 epoch 20 with correlation id 6 (state.change.logger)
[2023-03-05 20:35:42,462] INFO [Controller id=0 epoch=20] Partition output-vehicle-info-0 state changed to (Leader:-1,ISR:0,LeaderRecoveryState:RECOVERED,LeaderEpoch:1,ZkVersion:1,ControllerEpoch:20) after removing replica 0 from the ISR as part of transition to OfflineReplica (state.change.logger)
[2023-03-05 20:35:42,462] INFO [Controller id=0 epoch=20] Sending UpdateMetadata request to brokers HashSet() for 0 partitions (state.change.logger)
[2023-03-05 20:35:42,463] INFO [Controller id=0 epoch=20] Sending StopReplica request for 1 replicas to broker 0 (state.change.logger)
[2023-03-05 20:35:42,463] INFO [Controller id=0 epoch=20] Sending UpdateMetadata request to brokers HashSet() for 0 partitions (state.change.logger)
[2023-03-05 20:35:42,463] INFO [Controller id=0 epoch=20] Sending StopReplica request for 1 replicas to broker 0 (state.change.logger)
[2023-03-05 20:35:42,463] INFO [Broker id=0] Handling StopReplica request correlationId 7 from controller 0 for 1 partitions (state.change.logger)
[2023-03-05 20:35:42,465] INFO [Broker id=0] Handling StopReplica request correlationId 8 from controller 0 for 1 partitions (state.change.logger)
[2023-03-05 20:35:42,553] INFO [Controller id=0 epoch=20] Sending UpdateMetadata request to brokers HashSet() for 0 partitions (state.change.logger)
[2023-03-05 20:35:42,553] INFO [Controller id=0 epoch=20] Sending UpdateMetadata request to brokers HashSet() for 0 partitions (state.change.logger)
[2023-03-05 20:36:03,638] INFO [Controller id=0 epoch=20] Changed partition output-vehicle-info-0 state from NonExistentPartition to NewPartition with assigned replicas 0 (state.change.logger)
[2023-03-05 20:36:03,638] INFO [Controller id=0 epoch=20] Sending UpdateMetadata request to brokers HashSet() for 0 partitions (state.change.logger)
[2023-03-05 20:36:03,639] INFO [Controller id=0 epoch=20] Sending UpdateMetadata request to brokers HashSet() for 0 partitions (state.change.logger)
[2023-03-05 20:36:03,703] INFO [Controller id=0 epoch=20] Changed partition output-vehicle-info-0 from NewPartition to OnlinePartition with state LeaderAndIsr(leader=0, leaderEpoch=0, isr=List(0), leaderRecoveryState=RECOVERED, partitionEpoch=0) (state.change.logger)
[2023-03-05 20:36:03,703] INFO [Controller id=0 epoch=20] Sending LeaderAndIsr request to broker 0 with 1 become-leader and 0 become-follower partitions (state.change.logger)
[2023-03-05 20:36:03,704] INFO [Controller id=0 epoch=20] Sending UpdateMetadata request to brokers HashSet(0) for 1 partitions (state.change.logger)
[2023-03-05 20:36:03,704] INFO [Controller id=0 epoch=20] Sending UpdateMetadata request to brokers HashSet() for 0 partitions (state.change.logger)
[2023-03-05 20:36:03,704] INFO [Broker id=0] Handling LeaderAndIsr request correlationId 9 from controller 0 for 1 partitions (state.change.logger)
[2023-03-05 20:36:03,705] INFO [Broker id=0] Stopped fetchers as part of LeaderAndIsr request correlationId 9 from controller 0 epoch 20 as part of the become-leader transition for 1 partitions (state.change.logger)
[2023-03-05 20:36:03,731] INFO [Broker id=0] Leader output-vehicle-info-0 with topic id Some(ZkxviUoNT-qSLPxEyIaokQ) starts at leader epoch 0 from offset 0 with partition epoch 0, high watermark 0, ISR [0], adding replicas [] and removing replicas []. Previous leader epoch was -1. (state.change.logger)
[2023-03-05 20:36:03,751] INFO [Broker id=0] Finished LeaderAndIsr request in 47ms correlationId 9 from controller 0 for 1 partitions (state.change.logger)
[2023-03-05 20:36:03,752] INFO [Broker id=0] Add 1 partitions and deleted 0 partitions from metadata cache in response to UpdateMetadata request sent by controller 0 epoch 20 with correlation id 10 (state.change.logger)
[2023-03-05 20:36:03,866] INFO [Controller id=0 epoch=20] Changed partition input-vehicle-info-0 state from NonExistentPartition to NewPartition with assigned replicas 0 (state.change.logger)
[2023-03-05 20:36:03,866] INFO [Controller id=0 epoch=20] Sending UpdateMetadata request to brokers HashSet() for 0 partitions (state.change.logger)
[2023-03-05 20:36:03,866] INFO [Controller id=0 epoch=20] Sending UpdateMetadata request to brokers HashSet() for 0 partitions (state.change.logger)
[2023-03-05 20:36:03,928] INFO [Controller id=0 epoch=20] Changed partition input-vehicle-info-0 from NewPartition to OnlinePartition with state LeaderAndIsr(leader=0, leaderEpoch=0, isr=List(0), leaderRecoveryState=RECOVERED, partitionEpoch=0) (state.change.logger)
[2023-03-05 20:36:03,928] INFO [Controller id=0 epoch=20] Sending LeaderAndIsr request to broker 0 with 1 become-leader and 0 become-follower partitions (state.change.logger)
[2023-03-05 20:36:03,928] INFO [Controller id=0 epoch=20] Sending UpdateMetadata request to brokers HashSet(0) for 1 partitions (state.change.logger)
[2023-03-05 20:36:03,929] INFO [Controller id=0 epoch=20] Sending UpdateMetadata request to brokers HashSet() for 0 partitions (state.change.logger)
[2023-03-05 20:36:03,929] INFO [Broker id=0] Handling LeaderAndIsr request correlationId 11 from controller 0 for 1 partitions (state.change.logger)
[2023-03-05 20:36:03,930] INFO [Broker id=0] Stopped fetchers as part of LeaderAndIsr request correlationId 11 from controller 0 epoch 20 as part of the become-leader transition for 1 partitions (state.change.logger)
[2023-03-05 20:36:03,936] INFO [Broker id=0] Leader input-vehicle-info-0 with topic id Some(ark9hLZqT1yNCWguN7Oy_A) starts at leader epoch 0 from offset 0 with partition epoch 0, high watermark 0, ISR [0], adding replicas [] and removing replicas []. Previous leader epoch was -1. (state.change.logger)
[2023-03-05 20:36:03,976] INFO [Broker id=0] Finished LeaderAndIsr request in 47ms correlationId 11 from controller 0 for 1 partitions (state.change.logger)
[2023-03-05 20:36:03,978] INFO [Broker id=0] Add 1 partitions and deleted 0 partitions from metadata cache in response to UpdateMetadata request sent by controller 0 epoch 20 with correlation id 12 (state.change.logger)
[2023-03-05 20:46:01,792] INFO [Controller id=0 epoch=20] Sending UpdateMetadata request to brokers HashSet() for 0 partitions (state.change.logger)
